
     Program LD1 v.7.1 starts on 20Sep2022 at 15:15:43 

     This program is part of the open-source Quantum ESPRESSO suite
     for quantum simulation of materials; please cite
         "P. Giannozzi et al., J. Phys.:Condens. Matter 21 395502 (2009);
         "P. Giannozzi et al., J. Phys.:Condens. Matter 29 465901 (2017);
         "P. Giannozzi et al., J. Chem. Phys. 152 154105 (2020);
          URL http://www.quantum-espresso.org", 
     in publications or presentations arising from this work. More details at
     http://www.quantum-espresso.org/quote

     Parallel version (MPI & OpenMP), running on      64 processor cores
     Number of MPI processes:                64
     Threads/MPI process:                     1

     MPI processes distributed on     1 nodes
     K-points division:     npool     =       4
     R & G space division:  proc/nbgrp/npool/nimage =      16
     106531 MiB available memory on the printing compute node when the environment starts
 
     Reading input from Gd.AE.in
 classical turning point too close to mesh           4           3           3
 classical turning point too close to mesh           4           3          -4
 classical turning point too close to mesh           5           2           2
 classical turning point too close to mesh           5           2          -3
     --------------------------- All-electron run ----------------------------

     Gd                                                                         
     dirac relativistic calculation

     atomic number is 64.00
     dft =PBESOL   lsd =0 sic =0 latt =0  beta=0.20 tr2=1.0E-14
     Exchange-correlation= PBESOL
                           (   1   4  10   8   0   0   0)
     mesh =2097 r(mesh) = 100.39545 a.u. xmin = -8.00 dx = 0.00800
     1 Ry =  13.60569312 eV, c = 137.03599908

     n l j   nl                  e(Ry)          e(Ha)          e(eV)
     Spin orbit split results
     1 0 0.5 1S 1( 2.00)     -3677.1845     -1838.5923    -50030.6442
     2 0 0.5 2S 1( 2.00)      -606.8290      -303.4145     -8256.3294
     2 1 0.5 2P 1( 2.00)      -576.2336      -288.1168     -7840.0573
     2 1 1.5 2P 1( 4.00)      -525.1196      -262.5598     -7144.6155
     3 0 0.5 3S 1( 2.00)      -134.4772       -67.2386     -1829.6556
     3 1 0.5 3P 1( 2.00)      -121.2205       -60.6103     -1649.2890
     3 1 1.5 3P 1( 4.00)      -110.7377       -55.3689     -1506.6635
     4 0 0.5 4S 1( 2.00)       -27.0497       -13.5248      -368.0297
     4 1 0.5 4P 1( 2.00)       -21.8915       -10.9457      -297.8484
     4 1 1.5 4P 1( 4.00)       -19.5544        -9.7772      -266.0507
     3 2 1.5 3D 1( 4.00)       -87.8401       -43.9200     -1195.1248
     3 2 2.5 3D 1( 6.00)       -85.5555       -42.7778     -1164.0421
     5 0 0.5 5S 1( 2.00)        -3.6407        -1.8204       -49.5348
     5 1 0.5 5P 1( 2.00)        -2.2213        -1.1106       -30.2223
     5 1 1.5 5P 1( 4.00)        -1.9007        -0.9504       -25.8607
     4 2 1.5 4D 1( 4.00)       -11.0568        -5.5284      -150.4357
     4 2 2.5 4D 1( 6.00)       -10.6344        -5.3172      -144.6890
     4 3 2.5 4F 1( 6.00)        -0.6511        -0.3256        -8.8593
     4 3 3.5 4F 1( 1.00)        -0.5958        -0.2979        -8.1067
     5 2 1.5 5D 1( 1.00)        -0.1955        -0.0978        -2.6604
     5 2 2.5 5D 1( 0.00)        -0.1760        -0.0880        -2.3945
     6 0 0.5 6S 1( 2.00)        -0.3029        -0.1514        -4.1208
     6 1 0.5 6P 1( 0.00)        -0.1086        -0.0543        -1.4777
     6 1 1.5 6P 1( 0.00)        -0.0905        -0.0452        -1.2313
     Averaged results
     1 0     1S 1( 2.00)     -3677.1845     -1838.5923    -50030.6442
     2 0     2S 1( 2.00)      -606.8290      -303.4145     -8256.3294
     2 1     2P 1( 6.00)      -542.1576      -271.0788     -7376.4294
     3 0     3S 1( 2.00)      -134.4772       -67.2386     -1829.6556
     3 1     3P 1( 6.00)      -114.2320       -57.1160     -1554.2053
     4 0     4S 1( 2.00)       -27.0497       -13.5248      -368.0297
     4 1     4P 1( 6.00)       -20.3334       -10.1667      -276.6499
     3 2     3D 1(10.00)       -86.4693       -43.2347     -1176.4752
     5 0     5S 1( 2.00)        -3.6407        -1.8204       -49.5348
     5 1     5P 1( 6.00)        -2.0076        -1.0038       -27.3146
     4 2     4D 1(10.00)       -10.8034        -5.4017      -146.9877
     4 3     4F 1( 7.00)        -0.6195        -0.3098        -8.4292
     5 2     5D 1( 1.00)        -0.1838        -0.0919        -2.5009
     6 0     6S 1( 2.00)        -0.3029        -0.1514        -4.1208
     6 1     6P 1( 0.00)        -0.0965        -0.0483        -1.3134

     final scf error:  4.3E-15 reached in  34 iterations
 
     Etot =  -22552.666863 Ry,  -11276.333431 Ha, -306844.664441 eV

     Ekin =   24595.271639 Ry,   12297.635820 Ha,  334635.718197 eV
     Encl =  -55415.483754 Ry,  -27707.741877 Ha, -753966.066214 eV
     Eh   =    8759.399755 Ry,    4379.699877 Ha,  119177.705003 eV
     Exc  =    -491.854503 Ry,    -245.927251 Ha,   -6692.021428 eV


     normalization and overlap integrals

     s(1S/1S) =  1.000000  <r> =   0.0219  <r2> =    0.0007  r(max) =   0.0140
     s(1S/2S) = -0.000000
     s(1S/3S) = -0.000000
     s(1S/4S) =  0.000000
     s(1S/5S) =  0.000000
     s(1S/6S) =  0.000000
     s(2S/2S) =  1.000000  <r> =   0.0928  <r2> =    0.0102  r(max) =   0.0793
     s(2S/3S) =  0.000000
     s(2S/4S) =  0.000000
     s(2S/5S) =  0.000000
     s(2S/6S) =  0.000000
     s(2P/2P) =  1.000000  <r> =   0.0775  <r2> =    0.0074  r(max) =   0.0604
     s(2P/3P) =  0.000000
     s(2P/4P) =  0.000000
     s(2P/5P) =  0.000000
     s(2P/6P) =  0.000000
     s(2P/2P) =  1.000000  <r> =   0.0843  <r2> =    0.0087  r(max) =   0.0654
     s(2P/3P) =  0.000000
     s(2P/4P) =  0.000000
     s(2P/5P) =  0.000000
     s(2P/6P) =  0.000000
     s(3S/3S) =  1.000000  <r> =   0.2441  <r2> =    0.0682  r(max) =   0.2243
     s(3S/4S) =  0.000000
     s(3S/5S) =  0.000000
     s(3S/6S) =  0.000000
     s(3P/3P) =  1.000000  <r> =   0.2337  <r2> =    0.0635  r(max) =   0.2121
     s(3P/4P) =  0.000000
     s(3P/5P) =  0.000000
     s(3P/6P) =  0.000000
     s(3P/3P) =  1.000000  <r> =   0.2468  <r2> =    0.0706  r(max) =   0.2243
     s(3P/4P) =  0.000000
     s(3P/5P) =  0.000000
     s(3P/6P) =  0.000000
     s(4S/4S) =  1.000000  <r> =   0.5530  <r2> =    0.3454  r(max) =   0.5154
     s(4S/5S) =  0.000000
     s(4S/6S) =  0.000000
     s(4P/4P) =  1.000000  <r> =   0.5649  <r2> =    0.3634  r(max) =   0.5195
     s(4P/5P) =  0.000000
     s(4P/6P) =  0.000000
     s(4P/4P) =  1.000000  <r> =   0.5945  <r2> =    0.4022  r(max) =   0.5450
     s(4P/5P) =  0.000000
     s(4P/6P) = -0.000000
     s(3D/3D) =  1.000000  <r> =   0.2188  <r2> =    0.0564  r(max) =   0.1778
     s(3D/4D) =  0.000000
     s(3D/5D) = -0.000000
     s(3D/3D) =  1.000000  <r> =   0.2229  <r2> =    0.0583  r(max) =   0.1822
     s(3D/4D) = -0.000000
     s(3D/5D) = -0.000000
     s(5S/5S) =  1.000000  <r> =   1.3337  <r2> =    2.0016  r(max) =   1.1938
     s(5S/6S) =  0.000000
     s(5P/5P) =  1.000000  <r> =   1.4967  <r2> =    2.5454  r(max) =   1.3036
     s(5P/6P) =  0.000000
     s(5P/5P) =  1.000000  <r> =   1.5936  <r2> =    2.8894  r(max) =   1.3787
     s(5P/6P) = -0.000000
     s(4D/4D) =  1.000000  <r> =   0.6304  <r2> =    0.4612  r(max) =   0.5538
     s(4D/5D) =  0.000000
     s(4D/4D) =  1.000000  <r> =   0.6408  <r2> =    0.4765  r(max) =   0.5628
     s(4D/5D) = -0.000000
     s(4F/4F) =  1.000000  <r> =   0.8622  <r2> =    0.9807  r(max) =   0.5628
     s(4F/4F) =  1.000000  <r> =   0.8754  <r2> =    1.0152  r(max) =   0.5718
     s(5D/5D) =  1.000000  <r> =   2.7948  <r2> =    9.6691  r(max) =   1.9447
     s(5D/5D) =  1.000000  <r> =   2.9010  <r2> =   10.4480  r(max) =   1.9920
     s(6S/6S) =  1.000000  <r> =   3.9812  <r2> =   18.0048  r(max) =   3.4046
     s(6P/6P) =  1.000000  <r> =   5.3351  <r2> =   32.8816  r(max) =   4.3628
     s(6P/6P) =  1.000000  <r> =   5.7078  <r2> =   37.6782  r(max) =   4.6512

     ------------------------ End of All-electron run ------------------------

