
     Program LD1 v.7.1 starts on 20Sep2022 at 18:57:47 

     This program is part of the open-source Quantum ESPRESSO suite
     for quantum simulation of materials; please cite
         "P. Giannozzi et al., J. Phys.:Condens. Matter 21 395502 (2009);
         "P. Giannozzi et al., J. Phys.:Condens. Matter 29 465901 (2017);
         "P. Giannozzi et al., J. Chem. Phys. 152 154105 (2020);
          URL http://www.quantum-espresso.org", 
     in publications or presentations arising from this work. More details at
     http://www.quantum-espresso.org/quote

     Parallel version (MPI & OpenMP), running on       8 processor cores
     Number of MPI processes:                 1
     Threads/MPI process:                     8

     MPI processes distributed on     1 nodes
     29800 MiB available memory on the printing compute node when the environment starts
 
     Reading input from Gd.rel-pbesol-spdfn-kjpaw_Etrewick.1.0.in
 classical turning point too close to mesh           4           3           3
 classical turning point too close to mesh           4           3          -4
 classical turning point too close to mesh           5           2           2
 classical turning point too close to mesh           5           2          -3
 state nlj           4           3   2.50000000000000       not converged
 state nlj           4           3   3.50000000000000       not converged
 state nlj           5           2   1.50000000000000       not converged
 state nlj           5           2   2.50000000000000       not converged
     --------------------------- All-electron run ----------------------------

     Gd                                                                         
     dirac relativistic calculation

     atomic number is 64.00
     dft =PBESOL   lsd =0 sic =0 latt =0  beta=0.20 tr2=1.0E-14
     Exchange-correlation= PBESOL
                           (   1   4  10   8   0   0   0)
     mesh =1263 r(mesh) = 101.10069 a.u. xmin = -7.00 dx = 0.01250
     1 Ry =  13.60569312 eV, c = 137.03599908

     n l j   nl                  e(Ry)          e(Ha)          e(eV)
     Spin orbit split results
     1 0 0.5 1S 1( 2.00)     -3677.1847     -1838.5924    -50030.6467
     2 0 0.5 2S 1( 2.00)      -606.8291      -303.4145     -8256.3302
     2 1 0.5 2P 1( 2.00)      -576.2336      -288.1168     -7840.0576
     2 1 1.5 2P 1( 4.00)      -525.1196      -262.5598     -7144.6159
     3 0 0.5 3S 1( 2.00)      -134.4772       -67.2386     -1829.6557
     3 1 0.5 3P 1( 2.00)      -121.2205       -60.6103     -1649.2891
     3 1 1.5 3P 1( 4.00)      -110.7377       -55.3689     -1506.6636
     4 0 0.5 4S 1( 2.00)       -27.0497       -13.5248      -368.0295
     4 1 0.5 4P 1( 2.00)       -21.8914       -10.9457      -297.8482
     4 1 1.5 4P 1( 4.00)       -19.5544        -9.7772      -266.0506
     3 2 1.5 3D 1( 4.00)       -87.8401       -43.9200     -1195.1251
     3 2 2.5 3D 1( 6.00)       -85.5555       -42.7778     -1164.0424
     5 0 0.5 5S 1( 2.00)        -3.6407        -1.8204       -49.5346
     5 1 0.5 5P 1( 2.00)        -2.2213        -1.1106       -30.2221
     5 1 1.5 5P 1( 4.00)        -1.9007        -0.9504       -25.8605
     4 2 1.5 4D 1( 4.00)       -11.0568        -5.5284      -150.4357
     4 2 2.5 4D 1( 6.00)       -10.6344        -5.3172      -144.6890
     4 3 2.5 4F 1( 6.00)        -0.6511        -0.3256        -8.8593
     4 3 3.5 4F 1( 1.00)        -0.5958        -0.2979        -8.1067
     5 2 1.5 5D 1( 1.00)        -0.1955        -0.0978        -2.6602
     5 2 2.5 5D 1( 0.00)        -0.1760        -0.0880        -2.3943
     6 0 0.5 6S 1( 2.00)        -0.3029        -0.1514        -4.1206
     Averaged results
     1 0     1S 1( 2.00)     -3677.1847     -1838.5924    -50030.6467
     2 0     2S 1( 2.00)      -606.8291      -303.4145     -8256.3302
     2 1     2P 1( 6.00)      -542.1576      -271.0788     -7376.4298
     3 0     3S 1( 2.00)      -134.4772       -67.2386     -1829.6557
     3 1     3P 1( 6.00)      -114.2320       -57.1160     -1554.2054
     4 0     4S 1( 2.00)       -27.0497       -13.5248      -368.0295
     4 1     4P 1( 6.00)       -20.3334       -10.1667      -276.6498
     3 2     3D 1(10.00)       -86.4694       -43.2347     -1176.4755
     5 0     5S 1( 2.00)        -3.6407        -1.8204       -49.5346
     5 1     5P 1( 6.00)        -2.0076        -1.0038       -27.3144
     4 2     4D 1(10.00)       -10.8034        -5.4017      -146.9877
     4 3     4F 1( 7.00)        -0.6195        -0.3098        -8.4292
     5 2     5D 1( 1.00)        -0.1838        -0.0919        -2.5007
     6 0     6S 1( 2.00)        -0.3029        -0.1514        -4.1206

     final scf error:  8.3E-15 reached in  38 iterations
 
     Etot =  -22552.669878 Ry,  -11276.334939 Ha, -306844.705461 eV

     Ekin =   24595.272145 Ry,   12297.636072 Ha,  334635.725078 eV
     Encl =  -55415.482284 Ry,  -27707.741142 Ha, -753966.046225 eV
     Eh   =    8759.397601 Ry,    4379.698801 Ha,  119177.675708 eV
     Exc  =    -491.857340 Ry,    -245.928670 Ha,   -6692.060022 eV


     normalization and overlap integrals

     s(1S/1S) =  1.000000  <r> =   0.0219  <r2> =    0.0007  r(max) =   0.0140
     s(1S/2S) = -0.000000
     s(1S/3S) = -0.000000
     s(1S/4S) =  0.000000
     s(1S/5S) =  0.000000
     s(1S/6S) =  0.000000
     s(2S/2S) =  1.000000  <r> =   0.0928  <r2> =    0.0102  r(max) =   0.0794
     s(2S/3S) =  0.000000
     s(2S/4S) =  0.000000
     s(2S/5S) =  0.000000
     s(2S/6S) =  0.000000
     s(2P/2P) =  1.000000  <r> =   0.0775  <r2> =    0.0074  r(max) =   0.0603
     s(2P/3P) =  0.000000
     s(2P/4P) =  0.000000
     s(2P/5P) =  0.000000
     s(2P/2P) =  1.000000  <r> =   0.0843  <r2> =    0.0087  r(max) =   0.0658
     s(2P/3P) =  0.000000
     s(2P/4P) =  0.000000
     s(2P/5P) =  0.000000
     s(3S/3S) =  1.000000  <r> =   0.2441  <r2> =    0.0682  r(max) =   0.2239
     s(3S/4S) =  0.000000
     s(3S/5S) =  0.000000
     s(3S/6S) =  0.000000
     s(3P/3P) =  1.000000  <r> =   0.2337  <r2> =    0.0635  r(max) =   0.2130
     s(3P/4P) =  0.000000
     s(3P/5P) =  0.000000
     s(3P/3P) =  1.000000  <r> =   0.2468  <r2> =    0.0706  r(max) =   0.2239
     s(3P/4P) =  0.000000
     s(3P/5P) =  0.000000
     s(4S/4S) =  1.000000  <r> =   0.5530  <r2> =    0.3454  r(max) =   0.5174
     s(4S/5S) =  0.000000
     s(4S/6S) =  0.000000
     s(4P/4P) =  1.000000  <r> =   0.5649  <r2> =    0.3634  r(max) =   0.5174
     s(4P/5P) =  0.000000
     s(4P/4P) =  1.000000  <r> =   0.5945  <r2> =    0.4022  r(max) =   0.5440
     s(4P/5P) =  0.000000
     s(3D/3D) =  1.000000  <r> =   0.2188  <r2> =    0.0564  r(max) =   0.1788
     s(3D/4D) = -0.000000
     s(3D/5D) =  0.000000
     s(3D/3D) =  1.000000  <r> =   0.2229  <r2> =    0.0583  r(max) =   0.1811
     s(3D/4D) = -0.000000
     s(3D/5D) = -0.000000
     s(5S/5S) =  1.000000  <r> =   1.3337  <r2> =    2.0016  r(max) =   1.1956
     s(5S/6S) =  0.000000
     s(5P/5P) =  1.000000  <r> =   1.4967  <r2> =    2.5454  r(max) =   1.3049
     s(5P/5P) =  1.000000  <r> =   1.5936  <r2> =    2.8894  r(max) =   1.3718
     s(4D/4D) =  1.000000  <r> =   0.6304  <r2> =    0.4612  r(max) =   0.5577
     s(4D/5D) =  0.000000
     s(4D/4D) =  1.000000  <r> =   0.6408  <r2> =    0.4765  r(max) =   0.5647
     s(4D/5D) = -0.000000
     s(4F/4F) =  1.000000  <r> =   0.8622  <r2> =    0.9807  r(max) =   0.5647
     s(4F/4F) =  1.000000  <r> =   0.8754  <r2> =    1.0152  r(max) =   0.5718
     s(5D/5D) =  1.000000  <r> =   2.7948  <r2> =    9.6694  r(max) =   1.9467
     s(5D/5D) =  1.000000  <r> =   2.9011  <r2> =   10.4483  r(max) =   1.9959
     s(6S/6S) =  1.000000  <r> =   3.9813  <r2> =   18.0056  r(max) =   3.3741

     ------------------------ End of All-electron run ------------------------


     --------------------- Generating PAW atomic setup --------------------


      Generating local potential from pseudized AE potential:
      Matching radius rcloc =   0.5000

      Local pseudo, rcloc= 0.505 Estimated cut-off energy=    95.23 Ry

      Computing core charge for nlcc: 

       r > 0.83 : true rho core
      Core charge pseudized with two Bessel functions
      Integrated core pseudo-charge :  26.06

     Fully relativistic calculation: |psi|^2

     Wfc 5S LC norm =  0.99972882 SC norm =  0.00026348 missing  0.00000770
     Speed at rcutus      1.715 a.u.,  v/c =  0.012517,  (v/c)^2 =  0.00015668

     Wfc 6S LC norm =  0.99997048 SC norm =  0.00002613 missing  0.00000339
     Speed at rcutus      0.467 a.u.,  v/c =  0.003405,  (v/c)^2 =  0.00001160

     Wfc 5P LC norm =  0.99978484 SC norm =  0.00021374 missing  0.00000142
     Speed at rcutus      1.688 a.u.,  v/c =  0.012315,  (v/c)^2 =  0.00015166

     Wfc 5P LC norm =  0.99980907 SC norm =  0.00017548 missing  0.00001545
     Speed at rcutus      1.736 a.u.,  v/c =  0.012665,  (v/c)^2 =  0.00016040

     Wfc 5D LC norm =  0.99993343 SC norm =  0.00006300 missing  0.00000357
     Speed at rcutus      0.835 a.u.,  v/c =  0.006093,  (v/c)^2 =  0.00003712

     Wfc 5D LC norm =  0.99993803 SC norm =  0.00004460 missing  0.00001737
     Speed at rcutus      0.750 a.u.,  v/c =  0.005472,  (v/c)^2 =  0.00002994

     Wfc 4F LC norm =  0.99946472 SC norm =  0.00053519 missing  0.00000009
     Speed at rcutus      2.205 a.u.,  v/c =  0.016094,  (v/c)^2 =  0.00025901

     Wfc 4F LC norm =  0.99947519 SC norm =  0.00051823 missing  0.00000658
     Speed at rcutus      2.226 a.u.,  v/c =  0.016244,  (v/c)^2 =  0.00026386

      The bmat matrix
     0.00000     0.00000     0.00000     0.00000     0.00000     0.00000
     0.00000     0.00000
     0.00000     0.00000     0.00000     0.00000     0.00000     0.00000
     0.00000     0.00000
     0.00000     0.00000     0.00000     0.00000     0.00000     0.00000
     0.00000     0.00000
     0.00000     0.00000     0.00000     0.00000     0.00000     0.00000
     0.00000     0.00000
     0.00000     0.00000     0.00000     0.00000     0.00000     0.00000
     0.00000     0.00000
     0.00000     0.00000     0.00000     0.00000     0.00000     0.00000
     0.00000     0.00000
     0.00000     0.00000     0.00000     0.00000     0.00000     0.00000
     0.00000     0.00000
     0.00000     0.00000     0.00000     0.00000     0.00000     0.00000
     0.00000     0.00000

 %%%%%%%%%%%%%%%%%%%%%%%%%%%%%%%%%%%%%%%%%%%%%%%%%%%%%%%%%%%%%%%%%%%%%%%%%%%%%%
     Error in routine invmat (1):
     error in DGETRF
 %%%%%%%%%%%%%%%%%%%%%%%%%%%%%%%%%%%%%%%%%%%%%%%%%%%%%%%%%%%%%%%%%%%%%%%%%%%%%%

     stopping ...
